{
  "stats": {
    "suites": 1,
    "tests": 1,
    "passes": 1,
    "pending": 0,
    "failures": 0,
    "start": "2022-06-03T13:36:59.103Z",
    "end": "2022-06-03T13:37:04.351Z",
    "duration": 5186,
    "testsRegistered": 1,
    "passPercent": 100,
    "pendingPercent": 0,
    "other": 0,
    "hasOther": false,
    "skipped": 0,
    "hasSkipped": false
  },
  "results": [
    {
      "uuid": "2e5abc38-9ea3-4e22-ac81-5bfa48416541",
      "title": "",
      "fullFile": "cypress/integration/treeGridPageTestCases.spec.js",
      "file": "cypress/integration/treeGridPageTestCases.spec.js",
      "beforeHooks": [],
      "afterHooks": [],
      "tests": [],
      "suites": [
        {
          "uuid": "65b85d33-ba6a-404b-a2f9-f64aa31b52dd",
          "title": "To test Grid Collape-expand funtionality",
          "fullFile": "",
          "file": "",
          "beforeHooks": [],
          "afterHooks": [],
          "tests": [
            {
              "title": "to verify the collapse and expand functionality of the Grids",
              "fullTitle": "To test Grid Collape-expand funtionality to verify the collapse and expand functionality of the Grids",
              "timedOut": null,
              "duration": 5186,
              "state": "passed",
              "speed": "medium",
              "pass": true,
              "fail": false,
              "pending": false,
              "context": null,
              "code": "_treeGridPage.onTreeGridPage.check_grid_expand_collapse_functionality();",
              "err": {},
              "uuid": "aa1f4c72-a58d-47ba-9ff3-d554d5d7d412",
              "parentUUID": "65b85d33-ba6a-404b-a2f9-f64aa31b52dd",
              "isHook": false,
              "skipped": false
            }
          ],
          "suites": [],
          "passes": [
            "aa1f4c72-a58d-47ba-9ff3-d554d5d7d412"
          ],
          "failures": [],
          "pending": [],
          "skipped": [],
          "duration": 5186,
          "root": false,
          "rootEmpty": false,
          "_timeout": 2000
        }
      ],
      "passes": [],
      "failures": [],
      "pending": [],
      "skipped": [],
      "duration": 0,
      "root": true,
      "rootEmpty": true,
      "_timeout": 2000
    }
  ],
  "meta": {
    "mocha": {
      "version": "7.0.1"
    },
    "mochawesome": {
      "options": {
        "quiet": false,
        "reportFilename": "mochawesome",
        "saveHtml": true,
        "saveJson": true,
        "consoleReporter": "spec",
        "useInlineDiffs": false,
        "code": true
      },
      "version": "7.1.3"
    },
    "marge": {
      "options": {
        "id": "default",
        "reportDir": "cypress/results/mochawesome",
        "overwrite": true,
        "html": true,
        "json": true
      },
      "version": "6.2.0"
    }
  }
}