{
  "stats": {
    "suites": 27,
    "tests": 126,
    "passes": 126,
    "pending": 0,
    "failures": 0,
    "start": "2022-06-02T16:07:20.219Z",
    "end": "2022-06-02T17:01:38.884Z",
    "duration": 718923,
    "testsRegistered": 126,
    "passPercent": 100,
    "pendingPercent": 0,
    "other": 0,
    "hasOther": false,
    "skipped": 0,
    "hasSkipped": false
  },
  "results": [
    {
      "uuid": "f9c95b59-afa6-4392-b454-0f18b178656d",
      "title": "",
      "fullFile": "cypress/integration/formLayoutsPageTestCases.spec.js",
      "file": "cypress/integration/formLayoutsPageTestCases.spec.js",
      "beforeHooks": [],
      "afterHooks": [],
      "tests": [],
      "suites": [
        {
          "uuid": "8e792976-b3ed-421d-98b6-056663e01d72",
          "title": "Should correctly submit all forms on form Layouts Page",
          "fullFile": "",
          "file": "",
          "beforeHooks": [],
          "afterHooks": [],
          "tests": [
            {
              "title": "should submit inline form",
              "fullTitle": "Should correctly submit all forms on form Layouts Page should submit inline form",
              "timedOut": null,
              "duration": 10864,
              "state": "passed",
              "speed": "slow",
              "pass": true,
              "fail": false,
              "pending": false,
              "context": null,
              "code": "_formLayoutsPage.onFormLayoutsPage.submit_inline_form('Fahim', 'Arshad');",
              "err": {},
              "uuid": "613b1d1c-0153-46e3-91e3-b49b1b1ae8a0",
              "parentUUID": "8e792976-b3ed-421d-98b6-056663e01d72",
              "isHook": false,
              "skipped": false
            },
            {
              "title": "should submit basic form",
              "fullTitle": "Should correctly submit all forms on form Layouts Page should submit basic form",
              "timedOut": null,
              "duration": 9088,
              "state": "passed",
              "speed": "medium",
              "pass": true,
              "fail": false,
              "pending": false,
              "context": null,
              "code": "_formLayoutsPage.onFormLayoutsPage.submit_basic_form('fahim.arshad@devsinc.com', 'fahimarshad');",
              "err": {},
              "uuid": "e7ce7651-2ce4-4877-b52e-f3eb177c9671",
              "parentUUID": "8e792976-b3ed-421d-98b6-056663e01d72",
              "isHook": false,
              "skipped": false
            },
            {
              "title": "should submit Using the Grid Form",
              "fullTitle": "Should correctly submit all forms on form Layouts Page should submit Using the Grid Form",
              "timedOut": null,
              "duration": 8560,
              "state": "passed",
              "speed": "medium",
              "pass": true,
              "fail": false,
              "pending": false,
              "context": null,
              "code": "_formLayoutsPage.onFormLayoutsPage.submit_using_the_grid_form('fahim.arshad@devsinc.com', 'fahimarshad');",
              "err": {},
              "uuid": "d8c29423-a34c-4107-9f7a-05e2d7918772",
              "parentUUID": "8e792976-b3ed-421d-98b6-056663e01d72",
              "isHook": false,
              "skipped": false
            },
            {
              "title": "should check that radio buttons are functioning correctly",
              "fullTitle": "Should correctly submit all forms on form Layouts Page should check that radio buttons are functioning correctly",
              "timedOut": null,
              "duration": 5195,
              "state": "passed",
              "speed": "medium",
              "pass": true,
              "fail": false,
              "pending": false,
              "context": null,
              "code": "_formLayoutsPage.onFormLayoutsPage.check_radio_buttons();",
              "err": {},
              "uuid": "469f4036-2533-4123-983e-298146b1e111",
              "parentUUID": "8e792976-b3ed-421d-98b6-056663e01d72",
              "isHook": false,
              "skipped": false
            },
            {
              "title": "should check that using the Grid Form third radio button is disabled",
              "fullTitle": "Should correctly submit all forms on form Layouts Page should check that using the Grid Form third radio button is disabled",
              "timedOut": null,
              "duration": 3216,
              "state": "passed",
              "speed": "fast",
              "pass": true,
              "fail": false,
              "pending": false,
              "context": null,
              "code": "_formLayoutsPage.onFormLayoutsPage.check_using_the_grid_form_third_radio_button_is_disabled();",
              "err": {},
              "uuid": "eb260c29-455b-401e-9b07-462bf96283aa",
              "parentUUID": "8e792976-b3ed-421d-98b6-056663e01d72",
              "isHook": false,
              "skipped": false
            }
          ],
          "suites": [],
          "passes": [
            "613b1d1c-0153-46e3-91e3-b49b1b1ae8a0",
            "e7ce7651-2ce4-4877-b52e-f3eb177c9671",
            "d8c29423-a34c-4107-9f7a-05e2d7918772",
            "469f4036-2533-4123-983e-298146b1e111",
            "eb260c29-455b-401e-9b07-462bf96283aa"
          ],
          "failures": [],
          "pending": [],
          "skipped": [],
          "duration": 36923,
          "root": false,
          "rootEmpty": false,
          "_timeout": 2000
        }
      ],
      "passes": [],
      "failures": [],
      "pending": [],
      "skipped": [],
      "duration": 0,
      "root": true,
      "rootEmpty": true,
      "_timeout": 2000
    },
    {
      "uuid": "e153e907-2b3c-476f-8777-d05b2d6c1d84",
      "title": "",
      "fullFile": "cypress/integration/navigationBarTestCases.spec.js",
      "file": "cypress/integration/navigationBarTestCases.spec.js",
      "beforeHooks": [],
      "afterHooks": [],
      "tests": [],
      "suites": [
        {
          "uuid": "b74903e6-f118-4a7a-9759-3d43c91fb417",
          "title": "testCasesWIthPageObjectDesignPattern",
          "fullFile": "",
          "file": "",
          "beforeHooks": [],
          "afterHooks": [],
          "tests": [
            {
              "title": "verify navigation across the pages",
              "fullTitle": "testCasesWIthPageObjectDesignPattern verify navigation across the pages",
              "timedOut": null,
              "duration": 25842,
              "state": "passed",
              "speed": "slow",
              "pass": true,
              "fail": false,
              "pending": false,
              "context": null,
              "code": "_navigationBar.navigateTo.stepperPage();\n_navigationBar.navigateTo.accordionPage();\n_navigationBar.navigateTo.formLayoutsPage();\n_navigationBar.navigateTo.datePickerPage();\n_navigationBar.navigateTo.dialogPage();\n_navigationBar.navigateTo.windowPage();\n_navigationBar.navigateTo.popoverPage();\n_navigationBar.navigateTo.toastrPage();\n_navigationBar.navigateTo.toolTipPage();\n_navigationBar.navigateTo.calendarPage();\n_navigationBar.navigateTo.smartTablePage();\n_navigationBar.navigateTo.treeGridPage();\n_navigationBar.navigateTo.loginPage();\n_navigationBar.navigateTo.registerPage();\n_navigationBar.navigateTo.requestPasswordPage(); // navigateTo.resetPasswordPage()",
              "err": {},
              "uuid": "99cff4be-bdf6-4915-a57f-c6689dc54eb5",
              "parentUUID": "b74903e6-f118-4a7a-9759-3d43c91fb417",
              "isHook": false,
              "skipped": false
            }
          ],
          "suites": [],
          "passes": [
            "99cff4be-bdf6-4915-a57f-c6689dc54eb5"
          ],
          "failures": [],
          "pending": [],
          "skipped": [],
          "duration": 25842,
          "root": false,
          "rootEmpty": false,
          "_timeout": 2000
        }
      ],
      "passes": [],
      "failures": [],
      "pending": [],
      "skipped": [],
      "duration": 0,
      "root": true,
      "rootEmpty": true,
      "_timeout": 2000
    },
    {
      "uuid": "252b8da3-5e53-4b33-b4ba-f354de68145e",
      "title": "",
      "fullFile": "cypress/integration/smartTablePageTestCases.spec.js",
      "file": "cypress/integration/smartTablePageTestCases.spec.js",
      "beforeHooks": [],
      "afterHooks": [],
      "tests": [],
      "suites": [
        {
          "uuid": "679bc41e-93a9-4d40-bb62-117a7f2ad0a7",
          "title": "To test table EDIT functionality",
          "fullFile": "",
          "file": "",
          "beforeHooks": [],
          "afterHooks": [],
          "tests": [
            {
              "title": "Should verify that changes in any field are edited correctly",
              "fullTitle": "To test table EDIT functionality Should verify that changes in any field are edited correctly",
              "timedOut": null,
              "duration": 14196,
              "state": "passed",
              "speed": "slow",
              "pass": true,
              "fail": false,
              "pending": false,
              "context": null,
              "code": "_smartTablePage.onSmartTablePage.check_table_edit_functionality('10', 'SampleFN', 'SampleLN', '@sampleUN', 'sample@email.com', '24');",
              "err": {},
              "uuid": "98f63732-f198-407d-8245-37c48c9dc993",
              "parentUUID": "679bc41e-93a9-4d40-bb62-117a7f2ad0a7",
              "isHook": false,
              "skipped": false
            }
          ],
          "suites": [],
          "passes": [
            "98f63732-f198-407d-8245-37c48c9dc993"
          ],
          "failures": [],
          "pending": [],
          "skipped": [],
          "duration": 14196,
          "root": false,
          "rootEmpty": false,
          "_timeout": 2000
        },
        {
          "uuid": "688f8b5a-cb7b-4610-b4b1-9d9e458f69b7",
          "title": "To test table ADD functionality",
          "fullFile": "",
          "file": "",
          "beforeHooks": [],
          "afterHooks": [],
          "tests": [
            {
              "title": "Should verify that the data is added in the table successfully",
              "fullTitle": "To test table ADD functionality Should verify that the data is added in the table successfully",
              "timedOut": null,
              "duration": 12307,
              "state": "passed",
              "speed": "slow",
              "pass": true,
              "fail": false,
              "pending": false,
              "context": null,
              "code": "_smartTablePage.onSmartTablePage.check_add_functionality('101', 'SampleFN1', 'SampleLN1', '@sampleUN1', 'sample1@email.com', '26');",
              "err": {},
              "uuid": "ea3471d9-eb38-4851-b705-59c907c75749",
              "parentUUID": "688f8b5a-cb7b-4610-b4b1-9d9e458f69b7",
              "isHook": false,
              "skipped": false
            }
          ],
          "suites": [],
          "passes": [
            "ea3471d9-eb38-4851-b705-59c907c75749"
          ],
          "failures": [],
          "pending": [],
          "skipped": [],
          "duration": 12307,
          "root": false,
          "rootEmpty": false,
          "_timeout": 2000
        },
        {
          "uuid": "2a0c7fe7-6f3f-42ad-a10a-12ce8b7deda2",
          "title": "To test table DELETE functionality",
          "fullFile": "",
          "file": "",
          "beforeHooks": [],
          "afterHooks": [],
          "tests": [
            {
              "title": "Should verify that the specific row is deleted from the table successfully",
              "fullTitle": "To test table DELETE functionality Should verify that the specific row is deleted from the table successfully",
              "timedOut": null,
              "duration": 5569,
              "state": "passed",
              "speed": "medium",
              "pass": true,
              "fail": false,
              "pending": false,
              "context": null,
              "code": "_smartTablePage.onSmartTablePage.check_table_delete_functionaity();",
              "err": {},
              "uuid": "fc7897e6-715b-429e-aadb-9f14ad92f4b0",
              "parentUUID": "2a0c7fe7-6f3f-42ad-a10a-12ce8b7deda2",
              "isHook": false,
              "skipped": false
            }
          ],
          "suites": [],
          "passes": [
            "fc7897e6-715b-429e-aadb-9f14ad92f4b0"
          ],
          "failures": [],
          "pending": [],
          "skipped": [],
          "duration": 5569,
          "root": false,
          "rootEmpty": false,
          "_timeout": 2000
        },
        {
          "uuid": "14971f71-5540-4048-b0f5-d457ff067498",
          "title": "To test table SEARCH functionality",
          "fullFile": "",
          "file": "",
          "beforeHooks": [],
          "afterHooks": [],
          "tests": [
            {
              "title": "Should verify that search by age functionality is working correctly",
              "fullTitle": "To test table SEARCH functionality Should verify that search by age functionality is working correctly",
              "timedOut": null,
              "duration": 8692,
              "state": "passed",
              "speed": "medium",
              "pass": true,
              "fail": false,
              "pending": false,
              "context": null,
              "code": "const age = [20, 30, 40];\n_smartTablePage.onSmartTablePage.check_search_by_age_functionality(age);",
              "err": {},
              "uuid": "91516aa6-a815-4da1-acf7-4854578a9fdd",
              "parentUUID": "14971f71-5540-4048-b0f5-d457ff067498",
              "isHook": false,
              "skipped": false
            },
            {
              "title": "Should verify that when no data is found against a search parameter then appropriate msg is displayed",
              "fullTitle": "To test table SEARCH functionality Should verify that when no data is found against a search parameter then appropriate msg is displayed",
              "timedOut": null,
              "duration": 4900,
              "state": "passed",
              "speed": "fast",
              "pass": true,
              "fail": false,
              "pending": false,
              "context": null,
              "code": "_smartTablePage.onSmartTablePage.check_table_reponse_when_no_data_is_found('180');",
              "err": {},
              "uuid": "585b55fb-3aea-4698-bad5-9731cd30724d",
              "parentUUID": "14971f71-5540-4048-b0f5-d457ff067498",
              "isHook": false,
              "skipped": false
            }
          ],
          "suites": [],
          "passes": [
            "91516aa6-a815-4da1-acf7-4854578a9fdd",
            "585b55fb-3aea-4698-bad5-9731cd30724d"
          ],
          "failures": [],
          "pending": [],
          "skipped": [],
          "duration": 13592,
          "root": false,
          "rootEmpty": false,
          "_timeout": 2000
        },
        {
          "uuid": "5ed93fda-0d74-4da8-99ab-7d5887bc0334",
          "title": "To test table PAGINATION",
          "fullFile": "",
          "file": "",
          "beforeHooks": [],
          "afterHooks": [],
          "tests": [
            {
              "title": "Should verify that by default 1st page is opened",
              "fullTitle": "To test table PAGINATION Should verify that by default 1st page is opened",
              "timedOut": null,
              "duration": 3509,
              "state": "passed",
              "speed": "fast",
              "pass": true,
              "fail": false,
              "pending": false,
              "context": null,
              "code": "_smartTablePage.onSmartTablePage.check_table_default_page();",
              "err": {},
              "uuid": "f704050e-9aee-4766-b5ab-e43756a14a01",
              "parentUUID": "5ed93fda-0d74-4da8-99ab-7d5887bc0334",
              "isHook": false,
              "skipped": false
            },
            {
              "title": "Should verify when on page 1 the previous page paginations are disabled",
              "fullTitle": "To test table PAGINATION Should verify when on page 1 the previous page paginations are disabled",
              "timedOut": null,
              "duration": 3481,
              "state": "passed",
              "speed": "fast",
              "pass": true,
              "fail": false,
              "pending": false,
              "context": null,
              "code": "_smartTablePage.onSmartTablePage.check_pagination_is_disabled('previous');",
              "err": {},
              "uuid": "e3668c46-b318-496f-bfcf-aa60772b7aae",
              "parentUUID": "5ed93fda-0d74-4da8-99ab-7d5887bc0334",
              "isHook": false,
              "skipped": false
            },
            {
              "title": "Should verify when on last page the next page paginations are disabled",
              "fullTitle": "To test table PAGINATION Should verify when on last page the next page paginations are disabled",
              "timedOut": null,
              "duration": 4353,
              "state": "passed",
              "speed": "fast",
              "pass": true,
              "fail": false,
              "pending": false,
              "context": null,
              "code": "_smartTablePage.onSmartTablePage.check_pagination_is_disabled('next');",
              "err": {},
              "uuid": "c3a49df8-23fb-4c62-aad4-ea5c3c8577ae",
              "parentUUID": "5ed93fda-0d74-4da8-99ab-7d5887bc0334",
              "isHook": false,
              "skipped": false
            }
          ],
          "suites": [],
          "passes": [
            "f704050e-9aee-4766-b5ab-e43756a14a01",
            "e3668c46-b318-496f-bfcf-aa60772b7aae",
            "c3a49df8-23fb-4c62-aad4-ea5c3c8577ae"
          ],
          "failures": [],
          "pending": [],
          "skipped": [],
          "duration": 11343,
          "root": false,
          "rootEmpty": false,
          "_timeout": 2000
        }
      ],
      "passes": [],
      "failures": [],
      "pending": [],
      "skipped": [],
      "duration": 0,
      "root": true,
      "rootEmpty": true,
      "_timeout": 2000
    },
    {
      "uuid": "588eac79-14a0-4c56-aece-c998ab86e0a3",
      "title": "",
      "fullFile": "cypress/integration/treeGridPageTestCases.spec.js",
      "file": "cypress/integration/treeGridPageTestCases.spec.js",
      "beforeHooks": [],
      "afterHooks": [],
      "tests": [],
      "suites": [
        {
          "uuid": "b65b42cd-1824-4a6d-b81a-669ac87ec7f6",
          "title": "To test Grid Collape-expand funtionality",
          "fullFile": "",
          "file": "",
          "beforeHooks": [],
          "afterHooks": [],
          "tests": [
            {
              "title": "to verify the collapse and expand functionality of the Grids",
              "fullTitle": "To test Grid Collape-expand funtionality to verify the collapse and expand functionality of the Grids",
              "timedOut": null,
              "duration": 7280,
              "state": "passed",
              "speed": "medium",
              "pass": true,
              "fail": false,
              "pending": false,
              "context": null,
              "code": "_treeGridPage.onTreeGridPage.check_grid_expand_collapse_functionality();",
              "err": {},
              "uuid": "64968461-cbfe-4278-91db-2f71fc656466",
              "parentUUID": "b65b42cd-1824-4a6d-b81a-669ac87ec7f6",
              "isHook": false,
              "skipped": false
            }
          ],
          "suites": [],
          "passes": [
            "64968461-cbfe-4278-91db-2f71fc656466"
          ],
          "failures": [],
          "pending": [],
          "skipped": [],
          "duration": 7280,
          "root": false,
          "rootEmpty": false,
          "_timeout": 2000
        }
      ],
      "passes": [],
      "failures": [],
      "pending": [],
      "skipped": [],
      "duration": 0,
      "root": true,
      "rootEmpty": true,
      "_timeout": 2000
    },
    {
      "uuid": "c00a6aba-4f02-42fa-8c1b-06600f4a31f7",
      "title": "",
      "fullFile": "cypress/integration/formLayoutsPageTestCases.spec.js",
      "file": "cypress/integration/formLayoutsPageTestCases.spec.js",
      "beforeHooks": [],
      "afterHooks": [],
      "tests": [],
      "suites": [
        {
          "uuid": "2869ec97-b3bb-4cf9-a8b2-5791d1041f3a",
          "title": "Should correctly submit all forms on form Layouts Page",
          "fullFile": "",
          "file": "",
          "beforeHooks": [],
          "afterHooks": [],
          "tests": [
            {
              "title": "should submit inline form",
              "fullTitle": "Should correctly submit all forms on form Layouts Page should submit inline form",
              "timedOut": null,
              "duration": 9857,
              "state": "passed",
              "speed": "medium",
              "pass": true,
              "fail": false,
              "pending": false,
              "context": null,
              "code": "_formLayoutsPage.onFormLayoutsPage.submit_inline_form('Fahim', 'Arshad');",
              "err": {},
              "uuid": "6642848c-ab90-45f2-a5e3-b2aae03a85db",
              "parentUUID": "2869ec97-b3bb-4cf9-a8b2-5791d1041f3a",
              "isHook": false,
              "skipped": false
            },
            {
              "title": "should submit basic form",
              "fullTitle": "Should correctly submit all forms on form Layouts Page should submit basic form",
              "timedOut": null,
              "duration": 7941,
              "state": "passed",
              "speed": "medium",
              "pass": true,
              "fail": false,
              "pending": false,
              "context": null,
              "code": "_formLayoutsPage.onFormLayoutsPage.submit_basic_form('fahim.arshad@devsinc.com', 'fahimarshad');",
              "err": {},
              "uuid": "fd17072f-e478-4a67-a907-0011a34aa2e7",
              "parentUUID": "2869ec97-b3bb-4cf9-a8b2-5791d1041f3a",
              "isHook": false,
              "skipped": false
            },
            {
              "title": "should submit Using the Grid Form",
              "fullTitle": "Should correctly submit all forms on form Layouts Page should submit Using the Grid Form",
              "timedOut": null,
              "duration": 6549,
              "state": "passed",
              "speed": "medium",
              "pass": true,
              "fail": false,
              "pending": false,
              "context": null,
              "code": "_formLayoutsPage.onFormLayoutsPage.submit_using_the_grid_form('fahim.arshad@devsinc.com', 'fahimarshad');",
              "err": {},
              "uuid": "20ee5315-cc3c-4af9-9ad7-7dad1800f3c7",
              "parentUUID": "2869ec97-b3bb-4cf9-a8b2-5791d1041f3a",
              "isHook": false,
              "skipped": false
            },
            {
              "title": "should check that radio buttons are functioning correctly",
              "fullTitle": "Should correctly submit all forms on form Layouts Page should check that radio buttons are functioning correctly",
              "timedOut": null,
              "duration": 4171,
              "state": "passed",
              "speed": "fast",
              "pass": true,
              "fail": false,
              "pending": false,
              "context": null,
              "code": "_formLayoutsPage.onFormLayoutsPage.check_radio_buttons();",
              "err": {},
              "uuid": "a200f08d-15f1-4ffd-8df4-4a83d96e21f0",
              "parentUUID": "2869ec97-b3bb-4cf9-a8b2-5791d1041f3a",
              "isHook": false,
              "skipped": false
            },
            {
              "title": "should check that using the Grid Form third radio button is disabled",
              "fullTitle": "Should correctly submit all forms on form Layouts Page should check that using the Grid Form third radio button is disabled",
              "timedOut": null,
              "duration": 2678,
              "state": "passed",
              "speed": "fast",
              "pass": true,
              "fail": false,
              "pending": false,
              "context": null,
              "code": "_formLayoutsPage.onFormLayoutsPage.check_using_the_grid_form_third_radio_button_is_disabled();",
              "err": {},
              "uuid": "e4b279bc-2bf5-480b-8507-4e80d75c7a7e",
              "parentUUID": "2869ec97-b3bb-4cf9-a8b2-5791d1041f3a",
              "isHook": false,
              "skipped": false
            }
          ],
          "suites": [],
          "passes": [
            "6642848c-ab90-45f2-a5e3-b2aae03a85db",
            "fd17072f-e478-4a67-a907-0011a34aa2e7",
            "20ee5315-cc3c-4af9-9ad7-7dad1800f3c7",
            "a200f08d-15f1-4ffd-8df4-4a83d96e21f0",
            "e4b279bc-2bf5-480b-8507-4e80d75c7a7e"
          ],
          "failures": [],
          "pending": [],
          "skipped": [],
          "duration": 31196,
          "root": false,
          "rootEmpty": false,
          "_timeout": 2000
        }
      ],
      "passes": [],
      "failures": [],
      "pending": [],
      "skipped": [],
      "duration": 0,
      "root": true,
      "rootEmpty": true,
      "_timeout": 2000
    },
    {
      "uuid": "a0cbcbef-d9ee-47ff-8c24-4eebbc3f8697",
      "title": "",
      "fullFile": "cypress/integration/navigationBarTestCases.spec.js",
      "file": "cypress/integration/navigationBarTestCases.spec.js",
      "beforeHooks": [],
      "afterHooks": [],
      "tests": [],
      "suites": [
        {
          "uuid": "daeb4656-ca54-4d33-95a8-4c5be28297e2",
          "title": "testCasesWIthPageObjectDesignPattern",
          "fullFile": "",
          "file": "",
          "beforeHooks": [],
          "afterHooks": [],
          "tests": [
            {
              "title": "verify navigation across the pages",
              "fullTitle": "testCasesWIthPageObjectDesignPattern verify navigation across the pages",
              "timedOut": null,
              "duration": 21728,
              "state": "passed",
              "speed": "slow",
              "pass": true,
              "fail": false,
              "pending": false,
              "context": null,
              "code": "_navigationBar.navigateTo.stepperPage();\n_navigationBar.navigateTo.accordionPage();\n_navigationBar.navigateTo.formLayoutsPage();\n_navigationBar.navigateTo.datePickerPage();\n_navigationBar.navigateTo.dialogPage();\n_navigationBar.navigateTo.windowPage();\n_navigationBar.navigateTo.popoverPage();\n_navigationBar.navigateTo.toastrPage();\n_navigationBar.navigateTo.toolTipPage();\n_navigationBar.navigateTo.calendarPage();\n_navigationBar.navigateTo.smartTablePage();\n_navigationBar.navigateTo.treeGridPage();\n_navigationBar.navigateTo.loginPage();\n_navigationBar.navigateTo.registerPage();\n_navigationBar.navigateTo.requestPasswordPage(); // navigateTo.resetPasswordPage()",
              "err": {},
              "uuid": "7b88eddf-d8a4-478c-8c92-f57f8773857f",
              "parentUUID": "daeb4656-ca54-4d33-95a8-4c5be28297e2",
              "isHook": false,
              "skipped": false
            }
          ],
          "suites": [],
          "passes": [
            "7b88eddf-d8a4-478c-8c92-f57f8773857f"
          ],
          "failures": [],
          "pending": [],
          "skipped": [],
          "duration": 21728,
          "root": false,
          "rootEmpty": false,
          "_timeout": 2000
        }
      ],
      "passes": [],
      "failures": [],
      "pending": [],
      "skipped": [],
      "duration": 0,
      "root": true,
      "rootEmpty": true,
      "_timeout": 2000
    },
    {
      "uuid": "e0be55de-1ddd-42f9-b459-553ae4021cb3",
      "title": "",
      "fullFile": "cypress/integration/smartTablePageTestCases.spec.js",
      "file": "cypress/integration/smartTablePageTestCases.spec.js",
      "beforeHooks": [],
      "afterHooks": [],
      "tests": [],
      "suites": [
        {
          "uuid": "73a4e5aa-a5aa-4e6f-bb94-7668010ae192",
          "title": "To test table EDIT functionality",
          "fullFile": "",
          "file": "",
          "beforeHooks": [],
          "afterHooks": [],
          "tests": [
            {
              "title": "Should verify that changes in any field are edited correctly",
              "fullTitle": "To test table EDIT functionality Should verify that changes in any field are edited correctly",
              "timedOut": null,
              "duration": 12818,
              "state": "passed",
              "speed": "slow",
              "pass": true,
              "fail": false,
              "pending": false,
              "context": null,
              "code": "_smartTablePage.onSmartTablePage.check_table_edit_functionality('10', 'SampleFN', 'SampleLN', '@sampleUN', 'sample@email.com', '24');",
              "err": {},
              "uuid": "41375147-b9d6-4305-8147-ce1afd7f042c",
              "parentUUID": "73a4e5aa-a5aa-4e6f-bb94-7668010ae192",
              "isHook": false,
              "skipped": false
            }
          ],
          "suites": [],
          "passes": [
            "41375147-b9d6-4305-8147-ce1afd7f042c"
          ],
          "failures": [],
          "pending": [],
          "skipped": [],
          "duration": 12818,
          "root": false,
          "rootEmpty": false,
          "_timeout": 2000
        },
        {
          "uuid": "2d84088a-fb41-4a90-8299-ba584bf89045",
          "title": "To test table ADD functionality",
          "fullFile": "",
          "file": "",
          "beforeHooks": [],
          "afterHooks": [],
          "tests": [
            {
              "title": "Should verify that the data is added in the table successfully",
              "fullTitle": "To test table ADD functionality Should verify that the data is added in the table successfully",
              "timedOut": null,
              "duration": 10723,
              "state": "passed",
              "speed": "slow",
              "pass": true,
              "fail": false,
              "pending": false,
              "context": null,
              "code": "_smartTablePage.onSmartTablePage.check_add_functionality('101', 'SampleFN1', 'SampleLN1', '@sampleUN1', 'sample1@email.com', '26');",
              "err": {},
              "uuid": "ce64c514-0579-4f09-95be-4b3fa8e7e236",
              "parentUUID": "2d84088a-fb41-4a90-8299-ba584bf89045",
              "isHook": false,
              "skipped": false
            }
          ],
          "suites": [],
          "passes": [
            "ce64c514-0579-4f09-95be-4b3fa8e7e236"
          ],
          "failures": [],
          "pending": [],
          "skipped": [],
          "duration": 10723,
          "root": false,
          "rootEmpty": false,
          "_timeout": 2000
        },
        {
          "uuid": "6885ec06-e64c-481c-a10c-75af3b0b5a6a",
          "title": "To test table DELETE functionality",
          "fullFile": "",
          "file": "",
          "beforeHooks": [],
          "afterHooks": [],
          "tests": [
            {
              "title": "Should verify that the specific row is deleted from the table successfully",
              "fullTitle": "To test table DELETE functionality Should verify that the specific row is deleted from the table successfully",
              "timedOut": null,
              "duration": 4295,
              "state": "passed",
              "speed": "fast",
              "pass": true,
              "fail": false,
              "pending": false,
              "context": null,
              "code": "_smartTablePage.onSmartTablePage.check_table_delete_functionaity();",
              "err": {},
              "uuid": "4e1283ff-fa23-4440-bc08-eb330b6beca6",
              "parentUUID": "6885ec06-e64c-481c-a10c-75af3b0b5a6a",
              "isHook": false,
              "skipped": false
            }
          ],
          "suites": [],
          "passes": [
            "4e1283ff-fa23-4440-bc08-eb330b6beca6"
          ],
          "failures": [],
          "pending": [],
          "skipped": [],
          "duration": 4295,
          "root": false,
          "rootEmpty": false,
          "_timeout": 2000
        },
        {
          "uuid": "5d09f42a-67c6-4dce-a9de-f6c1d5198e32",
          "title": "To test table SEARCH functionality",
          "fullFile": "",
          "file": "",
          "beforeHooks": [],
          "afterHooks": [],
          "tests": [
            {
              "title": "Should verify that search by age functionality is working correctly",
              "fullTitle": "To test table SEARCH functionality Should verify that search by age functionality is working correctly",
              "timedOut": null,
              "duration": 7272,
              "state": "passed",
              "speed": "medium",
              "pass": true,
              "fail": false,
              "pending": false,
              "context": null,
              "code": "const age = [20, 30, 40];\n_smartTablePage.onSmartTablePage.check_search_by_age_functionality(age);",
              "err": {},
              "uuid": "c80b09e6-b2ed-4720-ba61-60f9ad8cf16f",
              "parentUUID": "5d09f42a-67c6-4dce-a9de-f6c1d5198e32",
              "isHook": false,
              "skipped": false
            },
            {
              "title": "Should verify that when no data is found against a search parameter then appropriate msg is displayed",
              "fullTitle": "To test table SEARCH functionality Should verify that when no data is found against a search parameter then appropriate msg is displayed",
              "timedOut": null,
              "duration": 4487,
              "state": "passed",
              "speed": "fast",
              "pass": true,
              "fail": false,
              "pending": false,
              "context": null,
              "code": "_smartTablePage.onSmartTablePage.check_table_reponse_when_no_data_is_found('180');",
              "err": {},
              "uuid": "f75d4804-6963-4244-8770-719ccace2bbc",
              "parentUUID": "5d09f42a-67c6-4dce-a9de-f6c1d5198e32",
              "isHook": false,
              "skipped": false
            }
          ],
          "suites": [],
          "passes": [
            "c80b09e6-b2ed-4720-ba61-60f9ad8cf16f",
            "f75d4804-6963-4244-8770-719ccace2bbc"
          ],
          "failures": [],
          "pending": [],
          "skipped": [],
          "duration": 11759,
          "root": false,
          "rootEmpty": false,
          "_timeout": 2000
        },
        {
          "uuid": "8d0ad632-5457-4d2a-bd4c-ecf903b389be",
          "title": "To test table PAGINATION",
          "fullFile": "",
          "file": "",
          "beforeHooks": [],
          "afterHooks": [],
          "tests": [
            {
              "title": "Should verify that by default 1st page is opened",
              "fullTitle": "To test table PAGINATION Should verify that by default 1st page is opened",
              "timedOut": null,
              "duration": 3148,
              "state": "passed",
              "speed": "fast",
              "pass": true,
              "fail": false,
              "pending": false,
              "context": null,
              "code": "_smartTablePage.onSmartTablePage.check_table_default_page();",
              "err": {},
              "uuid": "c691306c-dbad-4290-920b-f90eb8a3742f",
              "parentUUID": "8d0ad632-5457-4d2a-bd4c-ecf903b389be",
              "isHook": false,
              "skipped": false
            },
            {
              "title": "Should verify when on page 1 the previous page paginations are disabled",
              "fullTitle": "To test table PAGINATION Should verify when on page 1 the previous page paginations are disabled",
              "timedOut": null,
              "duration": 3032,
              "state": "passed",
              "speed": "fast",
              "pass": true,
              "fail": false,
              "pending": false,
              "context": null,
              "code": "_smartTablePage.onSmartTablePage.check_pagination_is_disabled('previous');",
              "err": {},
              "uuid": "21b30f1c-e458-4ea1-9bd1-c4872bc9ca7a",
              "parentUUID": "8d0ad632-5457-4d2a-bd4c-ecf903b389be",
              "isHook": false,
              "skipped": false
            },
            {
              "title": "Should verify when on last page the next page paginations are disabled",
              "fullTitle": "To test table PAGINATION Should verify when on last page the next page paginations are disabled",
              "timedOut": null,
              "duration": 3490,
              "state": "passed",
              "speed": "fast",
              "pass": true,
              "fail": false,
              "pending": false,
              "context": null,
              "code": "_smartTablePage.onSmartTablePage.check_pagination_is_disabled('next');",
              "err": {},
              "uuid": "c92ffdbb-ec6e-42b4-a43e-7cf976959d23",
              "parentUUID": "8d0ad632-5457-4d2a-bd4c-ecf903b389be",
              "isHook": false,
              "skipped": false
            }
          ],
          "suites": [],
          "passes": [
            "c691306c-dbad-4290-920b-f90eb8a3742f",
            "21b30f1c-e458-4ea1-9bd1-c4872bc9ca7a",
            "c92ffdbb-ec6e-42b4-a43e-7cf976959d23"
          ],
          "failures": [],
          "pending": [],
          "skipped": [],
          "duration": 9670,
          "root": false,
          "rootEmpty": false,
          "_timeout": 2000
        }
      ],
      "passes": [],
      "failures": [],
      "pending": [],
      "skipped": [],
      "duration": 0,
      "root": true,
      "rootEmpty": true,
      "_timeout": 2000
    },
    {
      "uuid": "252c2676-e346-4b84-a371-251fc96f92d7",
      "title": "",
      "fullFile": "cypress/integration/treeGridPageTestCases.spec.js",
      "file": "cypress/integration/treeGridPageTestCases.spec.js",
      "beforeHooks": [],
      "afterHooks": [],
      "tests": [],
      "suites": [
        {
          "uuid": "a7174c24-6c48-4529-ba0e-db4577632113",
          "title": "To test Grid Collape-expand funtionality",
          "fullFile": "",
          "file": "",
          "beforeHooks": [],
          "afterHooks": [],
          "tests": [
            {
              "title": "to verify the collapse and expand functionality of the Grids",
              "fullTitle": "To test Grid Collape-expand funtionality to verify the collapse and expand functionality of the Grids",
              "timedOut": null,
              "duration": 6103,
              "state": "passed",
              "speed": "medium",
              "pass": true,
              "fail": false,
              "pending": false,
              "context": null,
              "code": "_treeGridPage.onTreeGridPage.check_grid_expand_collapse_functionality();",
              "err": {},
              "uuid": "045596bb-26b8-4dd3-8209-605a98ac06d4",
              "parentUUID": "a7174c24-6c48-4529-ba0e-db4577632113",
              "isHook": false,
              "skipped": false
            }
          ],
          "suites": [],
          "passes": [
            "045596bb-26b8-4dd3-8209-605a98ac06d4"
          ],
          "failures": [],
          "pending": [],
          "skipped": [],
          "duration": 6103,
          "root": false,
          "rootEmpty": false,
          "_timeout": 2000
        }
      ],
      "passes": [],
      "failures": [],
      "pending": [],
      "skipped": [],
      "duration": 0,
      "root": true,
      "rootEmpty": true,
      "_timeout": 2000
    },
    {
      "uuid": "aebb6be8-2559-432c-9eb9-bcfbb582216a",
      "title": "",
      "fullFile": "cypress/integration/firstTestSuitePracticeTestCase.spec.js",
      "file": "cypress/integration/firstTestSuitePracticeTestCase.spec.js",
      "beforeHooks": [],
      "afterHooks": [],
      "tests": [],
      "suites": [
        {
          "uuid": "850fb2c9-363f-4c9e-ad84-d45aa893c9c1",
          "title": "1st Test Suite",
          "fullFile": "",
          "file": "",
          "beforeHooks": [],
          "afterHooks": [],
          "tests": [
            {
              "title": "1st Test Case",
              "fullTitle": "1st Test Suite 1st Test Case",
              "timedOut": null,
              "duration": 6273,
              "state": "passed",
              "speed": "medium",
              "pass": true,
              "fail": false,
              "pending": false,
              "context": null,
              "code": "cy.visit(\"/\");\ncy.contains('Forms').click();\ncy.contains('Form Layout').click(); //by tag\ncy.get('input'); //by ID\ncy.get('#inputEmail1'); //by class name\ncy.get('.input-full-width'); //attribute name\ncy.get('[placeholder]'); //by attribute name and value\ncy.get('[placeholder=Email]'); //by class value\ncy.get('[class=\"input-full-width size-medium shape-rectangle\"]'); //by multiple attributes\ncy.get('[placeholder=\"Email\"]#inputEmail1.input-full-width');\ncy.get('[data-cy=\"imputEmail1\"]');",
              "err": {},
              "uuid": "1248f4da-c645-4a6f-89a6-72c36ad23319",
              "parentUUID": "850fb2c9-363f-4c9e-ad84-d45aa893c9c1",
              "isHook": false,
              "skipped": false
            },
            {
              "title": "2nd Test Case",
              "fullTitle": "1st Test Suite 2nd Test Case",
              "timedOut": null,
              "duration": 3246,
              "state": "passed",
              "speed": "fast",
              "pass": true,
              "fail": false,
              "pending": false,
              "context": null,
              "code": "cy.visit(\"/\");\ncy.contains('Forms').click();\ncy.contains('Form Layout').click();\ncy.contains('nb-card', 'Horizontal form').find('.custom-checkbox').click();",
              "err": {},
              "uuid": "218d5e25-39e3-48b9-968d-467dcaf55f50",
              "parentUUID": "850fb2c9-363f-4c9e-ad84-d45aa893c9c1",
              "isHook": false,
              "skipped": false
            },
            {
              "title": "Invoke command test case",
              "fullTitle": "1st Test Suite Invoke command test case",
              "timedOut": null,
              "duration": 3913,
              "state": "passed",
              "speed": "fast",
              "pass": true,
              "fail": false,
              "pending": false,
              "context": null,
              "code": "cy.visit(\"/\");\ncy.contains('Forms').click();\ncy.contains('Form Layout').click();\ncy.get('[for=\"exampleInputEmail1\"]').should('contain', 'Email address');\ncy.get('[for=\"exampleInputEmail1\"]').then(label => {\n  expect(label.text()).to.equal('Email address');\n});\ncy.contains('nb-card', 'Basic form').find('.custom-checkbox').click();",
              "err": {},
              "uuid": "16f6a560-ebd6-4127-9b82-cf49aaeb43bc",
              "parentUUID": "850fb2c9-363f-4c9e-ad84-d45aa893c9c1",
              "isHook": false,
              "skipped": false
            },
            {
              "title": "Check Date field",
              "fullTitle": "1st Test Suite Check Date field",
              "timedOut": null,
              "duration": 4404,
              "state": "passed",
              "speed": "fast",
              "pass": true,
              "fail": false,
              "pending": false,
              "context": null,
              "code": "cy.visit(\"/\");\ncy.contains('Forms').click();\ncy.contains('Datepicker').click();\ncy.contains('Common Datepicker').parent('nb-card').find('input').then(input => {\n  cy.wrap(input).click();\n  cy.get('nb-base-calendar').contains('17').click();\n  cy.wrap(input).invoke('prop', 'value').should('contain', '17');\n});",
              "err": {},
              "uuid": "c9cc1068-3fd8-4adf-8011-64479e68d376",
              "parentUUID": "850fb2c9-363f-4c9e-ad84-d45aa893c9c1",
              "isHook": false,
              "skipped": false
            },
            {
              "title": "Check Only 1 Radio Button is Checked",
              "fullTitle": "1st Test Suite Check Only 1 Radio Button is Checked",
              "timedOut": null,
              "duration": 4338,
              "state": "passed",
              "speed": "fast",
              "pass": true,
              "fail": false,
              "pending": false,
              "context": null,
              "code": "cy.visit(\"/\");\ncy.contains('Forms').click();\ncy.contains('Form Layout').click();\ncy.contains('nb-card', 'Using the Grid').get('[type=\"radio\"]').then(radioButtons => {\n  cy.wrap(radioButtons).eq(0).check({\n    force: true\n  });\n  cy.wrap(radioButtons).eq(1).should('not.be.checked').check({\n    force: true\n  }).should('be.checked');\n  cy.wrap(radioButtons).eq(0).should('not.be.checked');\n  cy.wrap(radioButtons).eq(2).should('be.disabled');\n});",
              "err": {},
              "uuid": "331adca7-3c3e-408a-9c75-3cd094b2743e",
              "parentUUID": "850fb2c9-363f-4c9e-ad84-d45aa893c9c1",
              "isHook": false,
              "skipped": false
            },
            {
              "title": "Test Theme Changes from drop-down selects",
              "fullTitle": "1st Test Suite Test Theme Changes from drop-down selects",
              "timedOut": null,
              "duration": 5070,
              "state": "passed",
              "speed": "medium",
              "pass": true,
              "fail": false,
              "pending": false,
              "context": null,
              "code": "cy.visit('/');\ncy.get('nav nb-select').click().then(dropdown => {\n  cy.wrap(dropdown).get('nav nb-select').then(dropdownDefaultText => {\n    cy.wrap(dropdown).get('.options-list .ng-star-inserted').each(options => {\n      const dropdownOptions = options.text().trim();\n      cy.wrap(options).click();\n      cy.wrap(dropdownDefaultText).should('contain', dropdownOptions);\n      cy.wrap(dropdown).click();\n    });\n    cy.wrap(dropdown).click();\n  });\n});",
              "err": {},
              "uuid": "675bcf6e-bbb1-4008-99e9-d846527700b5",
              "parentUUID": "850fb2c9-363f-4c9e-ad84-d45aa893c9c1",
              "isHook": false,
              "skipped": false
            }
          ],
          "suites": [],
          "passes": [
            "1248f4da-c645-4a6f-89a6-72c36ad23319",
            "218d5e25-39e3-48b9-968d-467dcaf55f50",
            "16f6a560-ebd6-4127-9b82-cf49aaeb43bc",
            "c9cc1068-3fd8-4adf-8011-64479e68d376",
            "331adca7-3c3e-408a-9c75-3cd094b2743e",
            "675bcf6e-bbb1-4008-99e9-d846527700b5"
          ],
          "failures": [],
          "pending": [],
          "skipped": [],
          "duration": 27244,
          "root": false,
          "rootEmpty": false,
          "_timeout": 2000
        },
        {
          "uuid": "67f426c0-90c6-4332-ae09-e19f96a437ea",
          "title": "Test Table Functionality",
          "fullFile": "",
          "file": "",
          "beforeHooks": [],
          "afterHooks": [],
          "tests": [
            {
              "title": "Test Table edit functionality",
              "fullTitle": "Test Table Functionality Test Table edit functionality",
              "timedOut": null,
              "duration": 5444,
              "state": "passed",
              "speed": "medium",
              "pass": true,
              "fail": false,
              "pending": false,
              "context": null,
              "code": "cy.get('table').contains('tr', 'Jacob').then(tableRow => {\n  cy.wrap(tableRow).find('.nb-edit').click();\n  cy.wrap(tableRow).find('input[placeholder=\"Age\"]').clear().type('24');\n  cy.wrap(tableRow).find('.nb-checkmark').click();\n  cy.wrap(tableRow).find('td').eq(6).should('contain', '24');\n});",
              "err": {},
              "uuid": "b1153881-fd36-4289-85d6-c4726d5f2508",
              "parentUUID": "67f426c0-90c6-4332-ae09-e19f96a437ea",
              "isHook": false,
              "skipped": false
            },
            {
              "title": "Test Table Search functionality",
              "fullTitle": "Test Table Functionality Test Table Search functionality",
              "timedOut": null,
              "duration": 7685,
              "state": "passed",
              "speed": "medium",
              "pass": true,
              "fail": false,
              "pending": false,
              "context": null,
              "code": "const age = [20, 30, 40];\ncy.wrap(age).each(age => {\n  cy.get('thead').find('[placeholder=\"Age\"]').clear().type(age);\n  cy.wait(500);\n  cy.get('tbody tr').each(tableRow => {\n    cy.wrap(tableRow).find('td').eq(6).should('contain', age);\n  });\n});",
              "err": {},
              "uuid": "4b7c615c-203f-4322-aa11-a4d28e544fe4",
              "parentUUID": "67f426c0-90c6-4332-ae09-e19f96a437ea",
              "isHook": false,
              "skipped": false
            }
          ],
          "suites": [],
          "passes": [
            "b1153881-fd36-4289-85d6-c4726d5f2508",
            "4b7c615c-203f-4322-aa11-a4d28e544fe4"
          ],
          "failures": [],
          "pending": [],
          "skipped": [],
          "duration": 13129,
          "root": false,
          "rootEmpty": false,
          "_timeout": 2000
        },
        {
          "uuid": "7f07d90a-00e6-4ab4-8c85-4596600467e5",
          "title": "Alerts and Browser Events",
          "fullFile": "",
          "file": "",
          "beforeHooks": [],
          "afterHooks": [],
          "tests": [
            {
              "title": "Browser Deflete Confirmation",
              "fullTitle": "Alerts and Browser Events Browser Deflete Confirmation",
              "timedOut": null,
              "duration": 4275,
              "state": "passed",
              "speed": "fast",
              "pass": true,
              "fail": false,
              "pending": false,
              "context": null,
              "code": "cy.visit('/');\ncy.contains('Tables & Data').click();\ncy.contains('Smart Table').click();\nconst stub = cy.stub();\ncy.on('window:confirm', stub);\ncy.get('tbody tr').first().find('.nb-trash').click().then(() => {\n  expect(stub.getCall(0)).to.be.calledWith('Are you sure you want to delete?');\n});",
              "err": {},
              "uuid": "10e82e1d-8ab3-41fa-a27b-0ca871e88690",
              "parentUUID": "7f07d90a-00e6-4ab4-8c85-4596600467e5",
              "isHook": false,
              "skipped": false
            }
          ],
          "suites": [],
          "passes": [
            "10e82e1d-8ab3-41fa-a27b-0ca871e88690"
          ],
          "failures": [],
          "pending": [],
          "skipped": [],
          "duration": 4275,
          "root": false,
          "rootEmpty": false,
          "_timeout": 2000
        }
      ],
      "passes": [],
      "failures": [],
      "pending": [],
      "skipped": [],
      "duration": 0,
      "root": true,
      "rootEmpty": true,
      "_timeout": 2000
    },
    {
      "uuid": "9f8152a5-bf45-40b7-9a2e-5f69674c03dd",
      "title": "",
      "fullFile": "cypress/integration/formLayoutsPageTestCases.spec.js",
      "file": "cypress/integration/formLayoutsPageTestCases.spec.js",
      "beforeHooks": [],
      "afterHooks": [],
      "tests": [],
      "suites": [
        {
          "uuid": "5dc38837-7edd-42b8-8292-acfe164396ae",
          "title": "Should correctly submit all forms on form Layouts Page",
          "fullFile": "",
          "file": "",
          "beforeHooks": [],
          "afterHooks": [],
          "tests": [
            {
              "title": "should submit inline form",
              "fullTitle": "Should correctly submit all forms on form Layouts Page should submit inline form",
              "timedOut": null,
              "duration": 9274,
              "state": "passed",
              "speed": "medium",
              "pass": true,
              "fail": false,
              "pending": false,
              "context": null,
              "code": "_formLayoutsPage.onFormLayoutsPage.submit_inline_form('Fahim', 'Arshad');",
              "err": {},
              "uuid": "075e6799-d88a-494b-a342-ed7adbf53669",
              "parentUUID": "5dc38837-7edd-42b8-8292-acfe164396ae",
              "isHook": false,
              "skipped": false
            },
            {
              "title": "should submit basic form",
              "fullTitle": "Should correctly submit all forms on form Layouts Page should submit basic form",
              "timedOut": null,
              "duration": 9818,
              "state": "passed",
              "speed": "medium",
              "pass": true,
              "fail": false,
              "pending": false,
              "context": null,
              "code": "_formLayoutsPage.onFormLayoutsPage.submit_basic_form('fahim.arshad@devsinc.com', 'fahimarshad');",
              "err": {},
              "uuid": "70aade74-dd85-42d1-9dc4-51ccfb955c3a",
              "parentUUID": "5dc38837-7edd-42b8-8292-acfe164396ae",
              "isHook": false,
              "skipped": false
            },
            {
              "title": "should submit Using the Grid Form",
              "fullTitle": "Should correctly submit all forms on form Layouts Page should submit Using the Grid Form",
              "timedOut": null,
              "duration": 8676,
              "state": "passed",
              "speed": "medium",
              "pass": true,
              "fail": false,
              "pending": false,
              "context": null,
              "code": "_formLayoutsPage.onFormLayoutsPage.submit_using_the_grid_form('fahim.arshad@devsinc.com', 'fahimarshad');",
              "err": {},
              "uuid": "3e173d78-402a-493d-8e16-d1ca78f7f031",
              "parentUUID": "5dc38837-7edd-42b8-8292-acfe164396ae",
              "isHook": false,
              "skipped": false
            },
            {
              "title": "should check that radio buttons are functioning correctly",
              "fullTitle": "Should correctly submit all forms on form Layouts Page should check that radio buttons are functioning correctly",
              "timedOut": null,
              "duration": 4874,
              "state": "passed",
              "speed": "fast",
              "pass": true,
              "fail": false,
              "pending": false,
              "context": null,
              "code": "_formLayoutsPage.onFormLayoutsPage.check_radio_buttons();",
              "err": {},
              "uuid": "6d12a95d-acb8-4cd6-b737-a615b26725db",
              "parentUUID": "5dc38837-7edd-42b8-8292-acfe164396ae",
              "isHook": false,
              "skipped": false
            },
            {
              "title": "should check that using the Grid Form third radio button is disabled",
              "fullTitle": "Should correctly submit all forms on form Layouts Page should check that using the Grid Form third radio button is disabled",
              "timedOut": null,
              "duration": 3010,
              "state": "passed",
              "speed": "fast",
              "pass": true,
              "fail": false,
              "pending": false,
              "context": null,
              "code": "_formLayoutsPage.onFormLayoutsPage.check_using_the_grid_form_third_radio_button_is_disabled();",
              "err": {},
              "uuid": "45c3569a-7dff-4ee8-bcd9-a3b965c16458",
              "parentUUID": "5dc38837-7edd-42b8-8292-acfe164396ae",
              "isHook": false,
              "skipped": false
            }
          ],
          "suites": [],
          "passes": [
            "075e6799-d88a-494b-a342-ed7adbf53669",
            "70aade74-dd85-42d1-9dc4-51ccfb955c3a",
            "3e173d78-402a-493d-8e16-d1ca78f7f031",
            "6d12a95d-acb8-4cd6-b737-a615b26725db",
            "45c3569a-7dff-4ee8-bcd9-a3b965c16458"
          ],
          "failures": [],
          "pending": [],
          "skipped": [],
          "duration": 35652,
          "root": false,
          "rootEmpty": false,
          "_timeout": 2000
        }
      ],
      "passes": [],
      "failures": [],
      "pending": [],
      "skipped": [],
      "duration": 0,
      "root": true,
      "rootEmpty": true,
      "_timeout": 2000
    },
    {
      "uuid": "eae303aa-7dbb-4d57-95ae-0ca90fefc943",
      "title": "",
      "fullFile": "cypress/integration/navigationBarTestCases.spec.js",
      "file": "cypress/integration/navigationBarTestCases.spec.js",
      "beforeHooks": [],
      "afterHooks": [],
      "tests": [],
      "suites": [
        {
          "uuid": "24b797a6-5f05-4ad2-8fc4-a0cb26c899d1",
          "title": "testCasesWIthPageObjectDesignPattern",
          "fullFile": "",
          "file": "",
          "beforeHooks": [],
          "afterHooks": [],
          "tests": [
            {
              "title": "verify navigation across the pages",
              "fullTitle": "testCasesWIthPageObjectDesignPattern verify navigation across the pages",
              "timedOut": null,
              "duration": 24568,
              "state": "passed",
              "speed": "slow",
              "pass": true,
              "fail": false,
              "pending": false,
              "context": null,
              "code": "_navigationBar.navigateTo.stepperPage();\n_navigationBar.navigateTo.accordionPage();\n_navigationBar.navigateTo.formLayoutsPage();\n_navigationBar.navigateTo.datePickerPage();\n_navigationBar.navigateTo.dialogPage();\n_navigationBar.navigateTo.windowPage();\n_navigationBar.navigateTo.popoverPage();\n_navigationBar.navigateTo.toastrPage();\n_navigationBar.navigateTo.toolTipPage();\n_navigationBar.navigateTo.calendarPage();\n_navigationBar.navigateTo.smartTablePage();\n_navigationBar.navigateTo.treeGridPage();\n_navigationBar.navigateTo.loginPage();\n_navigationBar.navigateTo.registerPage();\n_navigationBar.navigateTo.requestPasswordPage(); // navigateTo.resetPasswordPage()",
              "err": {},
              "uuid": "ad5d513d-b53c-4179-a53e-314fd2903d47",
              "parentUUID": "24b797a6-5f05-4ad2-8fc4-a0cb26c899d1",
              "isHook": false,
              "skipped": false
            }
          ],
          "suites": [],
          "passes": [
            "ad5d513d-b53c-4179-a53e-314fd2903d47"
          ],
          "failures": [],
          "pending": [],
          "skipped": [],
          "duration": 24568,
          "root": false,
          "rootEmpty": false,
          "_timeout": 2000
        }
      ],
      "passes": [],
      "failures": [],
      "pending": [],
      "skipped": [],
      "duration": 0,
      "root": true,
      "rootEmpty": true,
      "_timeout": 2000
    },
    {
      "uuid": "eabbbf5b-8d2e-4b0a-95be-24a2bc822496",
      "title": "",
      "fullFile": "cypress/integration/smartTablePageTestCases.spec.js",
      "file": "cypress/integration/smartTablePageTestCases.spec.js",
      "beforeHooks": [],
      "afterHooks": [],
      "tests": [],
      "suites": [
        {
          "uuid": "8fa50389-4250-4c4d-a687-7804ada7f93f",
          "title": "To test table EDIT functionality",
          "fullFile": "",
          "file": "",
          "beforeHooks": [],
          "afterHooks": [],
          "tests": [
            {
              "title": "Should verify that changes in any field are edited correctly",
              "fullTitle": "To test table EDIT functionality Should verify that changes in any field are edited correctly",
              "timedOut": null,
              "duration": 12901,
              "state": "passed",
              "speed": "slow",
              "pass": true,
              "fail": false,
              "pending": false,
              "context": null,
              "code": "_smartTablePage.onSmartTablePage.check_table_edit_functionality('10', 'SampleFN', 'SampleLN', '@sampleUN', 'sample@email.com', '24');",
              "err": {},
              "uuid": "7d4c5540-34fb-4196-8bab-2e12a63610ba",
              "parentUUID": "8fa50389-4250-4c4d-a687-7804ada7f93f",
              "isHook": false,
              "skipped": false
            }
          ],
          "suites": [],
          "passes": [
            "7d4c5540-34fb-4196-8bab-2e12a63610ba"
          ],
          "failures": [],
          "pending": [],
          "skipped": [],
          "duration": 12901,
          "root": false,
          "rootEmpty": false,
          "_timeout": 2000
        },
        {
          "uuid": "5f1ddcc3-3749-4fad-9c34-9c6443bd47ed",
          "title": "To test table ADD functionality",
          "fullFile": "",
          "file": "",
          "beforeHooks": [],
          "afterHooks": [],
          "tests": [
            {
              "title": "Should verify that the data is added in the table successfully",
              "fullTitle": "To test table ADD functionality Should verify that the data is added in the table successfully",
              "timedOut": null,
              "duration": 10352,
              "state": "passed",
              "speed": "slow",
              "pass": true,
              "fail": false,
              "pending": false,
              "context": null,
              "code": "_smartTablePage.onSmartTablePage.check_add_functionality('101', 'SampleFN1', 'SampleLN1', '@sampleUN1', 'sample1@email.com', '26');",
              "err": {},
              "uuid": "6cc47423-7fd2-4d8b-93e1-41346cac37bf",
              "parentUUID": "5f1ddcc3-3749-4fad-9c34-9c6443bd47ed",
              "isHook": false,
              "skipped": false
            }
          ],
          "suites": [],
          "passes": [
            "6cc47423-7fd2-4d8b-93e1-41346cac37bf"
          ],
          "failures": [],
          "pending": [],
          "skipped": [],
          "duration": 10352,
          "root": false,
          "rootEmpty": false,
          "_timeout": 2000
        },
        {
          "uuid": "ae667124-3b53-444d-b33b-1462860937fd",
          "title": "To test table DELETE functionality",
          "fullFile": "",
          "file": "",
          "beforeHooks": [],
          "afterHooks": [],
          "tests": [
            {
              "title": "Should verify that the specific row is deleted from the table successfully",
              "fullTitle": "To test table DELETE functionality Should verify that the specific row is deleted from the table successfully",
              "timedOut": null,
              "duration": 4427,
              "state": "passed",
              "speed": "fast",
              "pass": true,
              "fail": false,
              "pending": false,
              "context": null,
              "code": "_smartTablePage.onSmartTablePage.check_table_delete_functionaity();",
              "err": {},
              "uuid": "f4fcbe18-93a3-400d-b196-de1fd89aa683",
              "parentUUID": "ae667124-3b53-444d-b33b-1462860937fd",
              "isHook": false,
              "skipped": false
            }
          ],
          "suites": [],
          "passes": [
            "f4fcbe18-93a3-400d-b196-de1fd89aa683"
          ],
          "failures": [],
          "pending": [],
          "skipped": [],
          "duration": 4427,
          "root": false,
          "rootEmpty": false,
          "_timeout": 2000
        },
        {
          "uuid": "28b17a82-bc4a-4d3f-8d98-d8aca1d8e9bf",
          "title": "To test table SEARCH functionality",
          "fullFile": "",
          "file": "",
          "beforeHooks": [],
          "afterHooks": [],
          "tests": [
            {
              "title": "Should verify that search by age functionality is working correctly",
              "fullTitle": "To test table SEARCH functionality Should verify that search by age functionality is working correctly",
              "timedOut": null,
              "duration": 8090,
              "state": "passed",
              "speed": "medium",
              "pass": true,
              "fail": false,
              "pending": false,
              "context": null,
              "code": "const age = [20, 30, 40];\n_smartTablePage.onSmartTablePage.check_search_by_age_functionality(age);",
              "err": {},
              "uuid": "d16f69a0-2326-4a96-b9cf-3930d91802cb",
              "parentUUID": "28b17a82-bc4a-4d3f-8d98-d8aca1d8e9bf",
              "isHook": false,
              "skipped": false
            },
            {
              "title": "Should verify that when no data is found against a search parameter then appropriate msg is displayed",
              "fullTitle": "To test table SEARCH functionality Should verify that when no data is found against a search parameter then appropriate msg is displayed",
              "timedOut": null,
              "duration": 4518,
              "state": "passed",
              "speed": "fast",
              "pass": true,
              "fail": false,
              "pending": false,
              "context": null,
              "code": "_smartTablePage.onSmartTablePage.check_table_reponse_when_no_data_is_found('180');",
              "err": {},
              "uuid": "0d50d17c-7a81-441a-84bb-4a55359b16b6",
              "parentUUID": "28b17a82-bc4a-4d3f-8d98-d8aca1d8e9bf",
              "isHook": false,
              "skipped": false
            }
          ],
          "suites": [],
          "passes": [
            "d16f69a0-2326-4a96-b9cf-3930d91802cb",
            "0d50d17c-7a81-441a-84bb-4a55359b16b6"
          ],
          "failures": [],
          "pending": [],
          "skipped": [],
          "duration": 12608,
          "root": false,
          "rootEmpty": false,
          "_timeout": 2000
        },
        {
          "uuid": "43188ee7-0f7f-4c51-aa33-f25b04391e3b",
          "title": "To test table PAGINATION",
          "fullFile": "",
          "file": "",
          "beforeHooks": [],
          "afterHooks": [],
          "tests": [
            {
              "title": "Should verify that by default 1st page is opened",
              "fullTitle": "To test table PAGINATION Should verify that by default 1st page is opened",
              "timedOut": null,
              "duration": 3209,
              "state": "passed",
              "speed": "fast",
              "pass": true,
              "fail": false,
              "pending": false,
              "context": null,
              "code": "_smartTablePage.onSmartTablePage.check_table_default_page();",
              "err": {},
              "uuid": "d1032d85-0f05-4f76-b44b-31b7e60ad536",
              "parentUUID": "43188ee7-0f7f-4c51-aa33-f25b04391e3b",
              "isHook": false,
              "skipped": false
            },
            {
              "title": "Should verify when on page 1 the previous page paginations are disabled",
              "fullTitle": "To test table PAGINATION Should verify when on page 1 the previous page paginations are disabled",
              "timedOut": null,
              "duration": 2971,
              "state": "passed",
              "speed": "fast",
              "pass": true,
              "fail": false,
              "pending": false,
              "context": null,
              "code": "_smartTablePage.onSmartTablePage.check_pagination_is_disabled('previous');",
              "err": {},
              "uuid": "a3a02486-4981-45ea-83de-566d21aac70c",
              "parentUUID": "43188ee7-0f7f-4c51-aa33-f25b04391e3b",
              "isHook": false,
              "skipped": false
            },
            {
              "title": "Should verify when on last page the next page paginations are disabled",
              "fullTitle": "To test table PAGINATION Should verify when on last page the next page paginations are disabled",
              "timedOut": null,
              "duration": 3669,
              "state": "passed",
              "speed": "fast",
              "pass": true,
              "fail": false,
              "pending": false,
              "context": null,
              "code": "_smartTablePage.onSmartTablePage.check_pagination_is_disabled('next');",
              "err": {},
              "uuid": "981e1dee-1ad4-4c0a-832b-c9e021a6b75b",
              "parentUUID": "43188ee7-0f7f-4c51-aa33-f25b04391e3b",
              "isHook": false,
              "skipped": false
            }
          ],
          "suites": [],
          "passes": [
            "d1032d85-0f05-4f76-b44b-31b7e60ad536",
            "a3a02486-4981-45ea-83de-566d21aac70c",
            "981e1dee-1ad4-4c0a-832b-c9e021a6b75b"
          ],
          "failures": [],
          "pending": [],
          "skipped": [],
          "duration": 9849,
          "root": false,
          "rootEmpty": false,
          "_timeout": 2000
        }
      ],
      "passes": [],
      "failures": [],
      "pending": [],
      "skipped": [],
      "duration": 0,
      "root": true,
      "rootEmpty": true,
      "_timeout": 2000
    },
    {
      "uuid": "944bbcde-d039-48d4-9d5d-13fefd5108cd",
      "title": "",
      "fullFile": "cypress/integration/treeGridPageTestCases.spec.js",
      "file": "cypress/integration/treeGridPageTestCases.spec.js",
      "beforeHooks": [],
      "afterHooks": [],
      "tests": [],
      "suites": [
        {
          "uuid": "19f0d9de-ca3a-441a-a0b2-347edaeac854",
          "title": "To test Grid Collape-expand funtionality",
          "fullFile": "",
          "file": "",
          "beforeHooks": [],
          "afterHooks": [],
          "tests": [
            {
              "title": "to verify the collapse and expand functionality of the Grids",
              "fullTitle": "To test Grid Collape-expand funtionality to verify the collapse and expand functionality of the Grids",
              "timedOut": null,
              "duration": 6221,
              "state": "passed",
              "speed": "medium",
              "pass": true,
              "fail": false,
              "pending": false,
              "context": null,
              "code": "_treeGridPage.onTreeGridPage.check_grid_expand_collapse_functionality();",
              "err": {},
              "uuid": "e493d321-f974-47d2-81f5-2fffc9b61192",
              "parentUUID": "19f0d9de-ca3a-441a-a0b2-347edaeac854",
              "isHook": false,
              "skipped": false
            }
          ],
          "suites": [],
          "passes": [
            "e493d321-f974-47d2-81f5-2fffc9b61192"
          ],
          "failures": [],
          "pending": [],
          "skipped": [],
          "duration": 6221,
          "root": false,
          "rootEmpty": false,
          "_timeout": 2000
        }
      ],
      "passes": [],
      "failures": [],
      "pending": [],
      "skipped": [],
      "duration": 0,
      "root": true,
      "rootEmpty": true,
      "_timeout": 2000
    },
    {
      "uuid": "01133a72-2519-4575-b160-bccb1af72967",
      "title": "",
      "fullFile": "cypress/integration/firstTestSuitePracticeTestCase.spec.js",
      "file": "cypress/integration/firstTestSuitePracticeTestCase.spec.js",
      "beforeHooks": [],
      "afterHooks": [],
      "tests": [],
      "suites": [
        {
          "uuid": "db066138-100a-4d43-8239-9381bf9c31d2",
          "title": "1st Test Suite",
          "fullFile": "",
          "file": "",
          "beforeHooks": [],
          "afterHooks": [],
          "tests": [
            {
              "title": "1st Test Case",
              "fullTitle": "1st Test Suite 1st Test Case",
              "timedOut": null,
              "duration": 6101,
              "state": "passed",
              "speed": "medium",
              "pass": true,
              "fail": false,
              "pending": false,
              "context": null,
              "code": "cy.visit(\"/\");\ncy.contains('Forms').click();\ncy.contains('Form Layout').click(); //by tag\ncy.get('input'); //by ID\ncy.get('#inputEmail1'); //by class name\ncy.get('.input-full-width'); //attribute name\ncy.get('[placeholder]'); //by attribute name and value\ncy.get('[placeholder=Email]'); //by class value\ncy.get('[class=\"input-full-width size-medium shape-rectangle\"]'); //by multiple attributes\ncy.get('[placeholder=\"Email\"]#inputEmail1.input-full-width');\ncy.get('[data-cy=\"imputEmail1\"]');",
              "err": {},
              "uuid": "306f687b-a3b9-4897-ae34-fb55df186850",
              "parentUUID": "db066138-100a-4d43-8239-9381bf9c31d2",
              "isHook": false,
              "skipped": false
            },
            {
              "title": "2nd Test Case",
              "fullTitle": "1st Test Suite 2nd Test Case",
              "timedOut": null,
              "duration": 4184,
              "state": "passed",
              "speed": "fast",
              "pass": true,
              "fail": false,
              "pending": false,
              "context": null,
              "code": "cy.visit(\"/\");\ncy.contains('Forms').click();\ncy.contains('Form Layout').click();\ncy.contains('nb-card', 'Horizontal form').find('.custom-checkbox').click();",
              "err": {},
              "uuid": "eead4b36-b587-4736-8c14-46eb3b5c38dd",
              "parentUUID": "db066138-100a-4d43-8239-9381bf9c31d2",
              "isHook": false,
              "skipped": false
            },
            {
              "title": "Invoke command test case",
              "fullTitle": "1st Test Suite Invoke command test case",
              "timedOut": null,
              "duration": 3929,
              "state": "passed",
              "speed": "fast",
              "pass": true,
              "fail": false,
              "pending": false,
              "context": null,
              "code": "cy.visit(\"/\");\ncy.contains('Forms').click();\ncy.contains('Form Layout').click();\ncy.get('[for=\"exampleInputEmail1\"]').should('contain', 'Email address');\ncy.get('[for=\"exampleInputEmail1\"]').then(label => {\n  expect(label.text()).to.equal('Email address');\n});\ncy.contains('nb-card', 'Basic form').find('.custom-checkbox').click();",
              "err": {},
              "uuid": "a47d73ba-02d9-41ba-967c-bd2ebcb50c2e",
              "parentUUID": "db066138-100a-4d43-8239-9381bf9c31d2",
              "isHook": false,
              "skipped": false
            },
            {
              "title": "Check Date field",
              "fullTitle": "1st Test Suite Check Date field",
              "timedOut": null,
              "duration": 4844,
              "state": "passed",
              "speed": "fast",
              "pass": true,
              "fail": false,
              "pending": false,
              "context": null,
              "code": "cy.visit(\"/\");\ncy.contains('Forms').click();\ncy.contains('Datepicker').click();\ncy.contains('Common Datepicker').parent('nb-card').find('input').then(input => {\n  cy.wrap(input).click();\n  cy.get('nb-base-calendar').contains('17').click();\n  cy.wrap(input).invoke('prop', 'value').should('contain', '17');\n});",
              "err": {},
              "uuid": "d5888f1b-6ab6-4ccb-8c17-5c69630d7d67",
              "parentUUID": "db066138-100a-4d43-8239-9381bf9c31d2",
              "isHook": false,
              "skipped": false
            },
            {
              "title": "Check Only 1 Radio Button is Checked",
              "fullTitle": "1st Test Suite Check Only 1 Radio Button is Checked",
              "timedOut": null,
              "duration": 4243,
              "state": "passed",
              "speed": "fast",
              "pass": true,
              "fail": false,
              "pending": false,
              "context": null,
              "code": "cy.visit(\"/\");\ncy.contains('Forms').click();\ncy.contains('Form Layout').click();\ncy.contains('nb-card', 'Using the Grid').get('[type=\"radio\"]').then(radioButtons => {\n  cy.wrap(radioButtons).eq(0).check({\n    force: true\n  });\n  cy.wrap(radioButtons).eq(1).should('not.be.checked').check({\n    force: true\n  }).should('be.checked');\n  cy.wrap(radioButtons).eq(0).should('not.be.checked');\n  cy.wrap(radioButtons).eq(2).should('be.disabled');\n});",
              "err": {},
              "uuid": "77594d67-0502-4fa8-adc8-be8853cba65d",
              "parentUUID": "db066138-100a-4d43-8239-9381bf9c31d2",
              "isHook": false,
              "skipped": false
            },
            {
              "title": "Test Theme Changes from drop-down selects",
              "fullTitle": "1st Test Suite Test Theme Changes from drop-down selects",
              "timedOut": null,
              "duration": 4446,
              "state": "passed",
              "speed": "fast",
              "pass": true,
              "fail": false,
              "pending": false,
              "context": null,
              "code": "cy.visit('/');\ncy.get('nav nb-select').click().then(dropdown => {\n  cy.wrap(dropdown).get('nav nb-select').then(dropdownDefaultText => {\n    cy.wrap(dropdown).get('.options-list .ng-star-inserted').each(options => {\n      const dropdownOptions = options.text().trim();\n      cy.wrap(options).click();\n      cy.wrap(dropdownDefaultText).should('contain', dropdownOptions);\n      cy.wrap(dropdown).click();\n    });\n    cy.wrap(dropdown).click();\n  });\n});",
              "err": {},
              "uuid": "0d822e3a-2717-4c64-8e1c-c7b1c16711b1",
              "parentUUID": "db066138-100a-4d43-8239-9381bf9c31d2",
              "isHook": false,
              "skipped": false
            }
          ],
          "suites": [],
          "passes": [
            "306f687b-a3b9-4897-ae34-fb55df186850",
            "eead4b36-b587-4736-8c14-46eb3b5c38dd",
            "a47d73ba-02d9-41ba-967c-bd2ebcb50c2e",
            "d5888f1b-6ab6-4ccb-8c17-5c69630d7d67",
            "77594d67-0502-4fa8-adc8-be8853cba65d",
            "0d822e3a-2717-4c64-8e1c-c7b1c16711b1"
          ],
          "failures": [],
          "pending": [],
          "skipped": [],
          "duration": 27747,
          "root": false,
          "rootEmpty": false,
          "_timeout": 2000
        },
        {
          "uuid": "19fcc176-9743-4dd8-b356-e8c3b64cbcf9",
          "title": "Test Table Functionality",
          "fullFile": "",
          "file": "",
          "beforeHooks": [],
          "afterHooks": [],
          "tests": [
            {
              "title": "Test Table edit functionality",
              "fullTitle": "Test Table Functionality Test Table edit functionality",
              "timedOut": null,
              "duration": 5099,
              "state": "passed",
              "speed": "medium",
              "pass": true,
              "fail": false,
              "pending": false,
              "context": null,
              "code": "cy.get('table').contains('tr', 'Jacob').then(tableRow => {\n  cy.wrap(tableRow).find('.nb-edit').click();\n  cy.wrap(tableRow).find('input[placeholder=\"Age\"]').clear().type('24');\n  cy.wrap(tableRow).find('.nb-checkmark').click();\n  cy.wrap(tableRow).find('td').eq(6).should('contain', '24');\n});",
              "err": {},
              "uuid": "a88e84d9-cdb8-43dc-8e38-78052598e6d0",
              "parentUUID": "19fcc176-9743-4dd8-b356-e8c3b64cbcf9",
              "isHook": false,
              "skipped": false
            },
            {
              "title": "Test Table Search functionality",
              "fullTitle": "Test Table Functionality Test Table Search functionality",
              "timedOut": null,
              "duration": 8439,
              "state": "passed",
              "speed": "medium",
              "pass": true,
[...]
              "parentUUID": "1f5817db-7bba-4b81-9404-754f04dd0eb7",
              "isHook": false,
              "skipped": false
            }
          ],
          "suites": [],
          "passes": [
            "6fc41c14-95a4-451f-951e-2ba76cde890a"
          ],
          "failures": [],
          "pending": [],
          "skipped": [],
          "duration": 1787,
          "root": false,
          "rootEmpty": false,
          "_timeout": 2000
        },
        {
          "uuid": "c0d06562-0141-4453-9dc2-0dbe165d96f3",
          "title": "To test table SEARCH functionality",
          "fullFile": "",
          "file": "",
          "beforeHooks": [],
          "afterHooks": [],
          "tests": [
            {
              "title": "Should verify that search by age functionality is working correctly",
              "fullTitle": "To test table SEARCH functionality Should verify that search by age functionality is working correctly",
              "timedOut": null,
              "duration": 4087,
              "state": "passed",
              "speed": "fast",
              "pass": true,
              "fail": false,
              "pending": false,
              "context": null,
              "code": "const age = [20, 30, 40];\n_smartTablePage.onSmartTablePage.check_search_by_age_functionality(age);",
              "err": {},
              "uuid": "3e05f8d7-4a04-4dd6-aa8e-54f143e0520d",
              "parentUUID": "c0d06562-0141-4453-9dc2-0dbe165d96f3",
              "isHook": false,
              "skipped": false
            },
            {
              "title": "Should verify that when no data is found against a search parameter then appropriate msg is displayed",
              "fullTitle": "To test table SEARCH functionality Should verify that when no data is found against a search parameter then appropriate msg is displayed",
              "timedOut": null,
              "duration": 2279,
              "state": "passed",
              "speed": "fast",
              "pass": true,
              "fail": false,
              "pending": false,
              "context": null,
              "code": "_smartTablePage.onSmartTablePage.check_table_reponse_when_no_data_is_found('180');",
              "err": {},
              "uuid": "66498b4f-4975-4e74-ba0c-7b39fade5957",
              "parentUUID": "c0d06562-0141-4453-9dc2-0dbe165d96f3",
              "isHook": false,
              "skipped": false
            }
          ],
          "suites": [],
          "passes": [
            "3e05f8d7-4a04-4dd6-aa8e-54f143e0520d",
            "66498b4f-4975-4e74-ba0c-7b39fade5957"
          ],
          "failures": [],
          "pending": [],
          "skipped": [],
          "duration": 6366,
          "root": false,
          "rootEmpty": false,
          "_timeout": 2000
        },
        {
          "uuid": "f3919c4a-a9e2-4ce7-81f0-978268d5dd2c",
          "title": "To test table PAGINATION",
          "fullFile": "",
          "file": "",
          "beforeHooks": [],
          "afterHooks": [],
          "tests": [
            {
              "title": "Should verify that by default 1st page is opened",
              "fullTitle": "To test table PAGINATION Should verify that by default 1st page is opened",
              "timedOut": null,
              "duration": 1317,
              "state": "passed",
              "speed": "fast",
              "pass": true,
              "fail": false,
              "pending": false,
              "context": null,
              "code": "_smartTablePage.onSmartTablePage.check_table_default_page();",
              "err": {},
              "uuid": "78cb971e-c3ce-45ae-8a79-99369f4025c4",
              "parentUUID": "f3919c4a-a9e2-4ce7-81f0-978268d5dd2c",
              "isHook": false,
              "skipped": false
            },
            {
              "title": "Should verify when on page 1 the previous page paginations are disabled",
              "fullTitle": "To test table PAGINATION Should verify when on page 1 the previous page paginations are disabled",
              "timedOut": null,
              "duration": 1564,
              "state": "passed",
              "speed": "fast",
              "pass": true,
              "fail": false,
              "pending": false,
              "context": null,
              "code": "_smartTablePage.onSmartTablePage.check_pagination_is_disabled('previous');",
              "err": {},
              "uuid": "a878a5a3-c8e1-4001-9a21-3ce3f745519a",
              "parentUUID": "f3919c4a-a9e2-4ce7-81f0-978268d5dd2c",
              "isHook": false,
              "skipped": false
            },
            {
              "title": "Should verify when on last page the next page paginations are disabled",
              "fullTitle": "To test table PAGINATION Should verify when on last page the next page paginations are disabled",
              "timedOut": null,
              "duration": 1915,
              "state": "passed",
              "speed": "fast",
              "pass": true,
              "fail": false,
              "pending": false,
              "context": null,
              "code": "_smartTablePage.onSmartTablePage.check_pagination_is_disabled('next');",
              "err": {},
              "uuid": "9378f916-5ea9-4e37-b4ac-3d17a862cf43",
              "parentUUID": "f3919c4a-a9e2-4ce7-81f0-978268d5dd2c",
              "isHook": false,
              "skipped": false
            }
          ],
          "suites": [],
          "passes": [
            "78cb971e-c3ce-45ae-8a79-99369f4025c4",
            "a878a5a3-c8e1-4001-9a21-3ce3f745519a",
            "9378f916-5ea9-4e37-b4ac-3d17a862cf43"
          ],
          "failures": [],
          "pending": [],
          "skipped": [],
          "duration": 4796,
          "root": false,
          "rootEmpty": false,
          "_timeout": 2000
        }
      ],
      "passes": [],
      "failures": [],
      "pending": [],
      "skipped": [],
      "duration": 0,
      "root": true,
      "rootEmpty": true,
      "_timeout": 2000
    },
    {
      "uuid": "4dd636c6-4d9d-4551-b3d0-f4cb6e464834",
      "title": "",
      "fullFile": "cypress/integration/treeGridPageTestCases.spec.js",
      "file": "cypress/integration/treeGridPageTestCases.spec.js",
      "beforeHooks": [],
      "afterHooks": [],
      "tests": [],
      "suites": [
        {
          "uuid": "09220de2-87e7-42e8-bd6f-1b567abd2b3e",
          "title": "To test Grid Collape-expand funtionality",
          "fullFile": "",
          "file": "",
          "beforeHooks": [],
          "afterHooks": [],
          "tests": [
            {
              "title": "to verify the collapse and expand functionality of the Grids",
              "fullTitle": "To test Grid Collape-expand funtionality to verify the collapse and expand functionality of the Grids",
              "timedOut": null,
              "duration": 4179,
              "state": "passed",
              "speed": "fast",
              "pass": true,
              "fail": false,
              "pending": false,
              "context": null,
              "code": "_treeGridPage.onTreeGridPage.check_grid_expand_collapse_functionality();",
              "err": {},
              "uuid": "394e6a2a-8df3-433c-8a9b-cca41b80a5d9",
              "parentUUID": "09220de2-87e7-42e8-bd6f-1b567abd2b3e",
              "isHook": false,
              "skipped": false
            }
          ],
          "suites": [],
          "passes": [
            "394e6a2a-8df3-433c-8a9b-cca41b80a5d9"
          ],
          "failures": [],
          "pending": [],
          "skipped": [],
          "duration": 4179,
          "root": false,
          "rootEmpty": false,
          "_timeout": 2000
        }
      ],
      "passes": [],
      "failures": [],
      "pending": [],
      "skipped": [],
      "duration": 0,
      "root": true,
      "rootEmpty": true,
      "_timeout": 2000
    },
    {
      "uuid": "5c3a2c9e-b893-41c9-b147-b2ee8a4bf381",
      "title": "",
      "fullFile": "cypress/integration/firstTestSuitePracticeTestCase.spec.js",
      "file": "cypress/integration/firstTestSuitePracticeTestCase.spec.js",
      "beforeHooks": [],
      "afterHooks": [],
      "tests": [],
      "suites": [
        {
          "uuid": "39b73d2d-956d-4473-a98a-d44c3fa3532f",
          "title": "1st Test Suite",
          "fullFile": "",
          "file": "",
          "beforeHooks": [],
          "afterHooks": [],
          "tests": [
            {
              "title": "1st Test Case",
              "fullTitle": "1st Test Suite 1st Test Case",
              "timedOut": null,
              "duration": 4693,
              "state": "passed",
              "speed": "fast",
              "pass": true,
              "fail": false,
              "pending": false,
              "context": null,
              "code": "cy.visit(\"/\");\ncy.contains('Forms').click();\ncy.contains('Form Layout').click(); //by tag\ncy.get('input'); //by ID\ncy.get('#inputEmail1'); //by class name\ncy.get('.input-full-width'); //attribute name\ncy.get('[placeholder]'); //by attribute name and value\ncy.get('[placeholder=Email]'); //by class value\ncy.get('[class=\"input-full-width size-medium shape-rectangle\"]'); //by multiple attributes\ncy.get('[placeholder=\"Email\"]#inputEmail1.input-full-width');\ncy.get('[data-cy=\"imputEmail1\"]');",
              "err": {},
              "uuid": "53bf9748-a83b-42ea-8b87-78f6b97b06e2",
              "parentUUID": "39b73d2d-956d-4473-a98a-d44c3fa3532f",
              "isHook": false,
              "skipped": false
            },
            {
              "title": "2nd Test Case",
              "fullTitle": "1st Test Suite 2nd Test Case",
              "timedOut": null,
              "duration": 3468,
              "state": "passed",
              "speed": "fast",
              "pass": true,
              "fail": false,
              "pending": false,
              "context": null,
              "code": "cy.visit(\"/\");\ncy.contains('Forms').click();\ncy.contains('Form Layout').click();\ncy.contains('nb-card', 'Horizontal form').find('.custom-checkbox').click();",
              "err": {},
              "uuid": "0e4191a0-d823-4b1f-beb5-a950eb613bb0",
              "parentUUID": "39b73d2d-956d-4473-a98a-d44c3fa3532f",
              "isHook": false,
              "skipped": false
            },
            {
              "title": "Invoke command test case",
              "fullTitle": "1st Test Suite Invoke command test case",
              "timedOut": null,
              "duration": 3655,
              "state": "passed",
              "speed": "fast",
              "pass": true,
              "fail": false,
              "pending": false,
              "context": null,
              "code": "cy.visit(\"/\");\ncy.contains('Forms').click();\ncy.contains('Form Layout').click();\ncy.get('[for=\"exampleInputEmail1\"]').should('contain', 'Email address');\ncy.get('[for=\"exampleInputEmail1\"]').then(label => {\n  expect(label.text()).to.equal('Email address');\n});\ncy.contains('nb-card', 'Basic form').find('.custom-checkbox').click();",
              "err": {},
              "uuid": "abf3e59f-ecba-40c1-b895-bf24a2d6f710",
              "parentUUID": "39b73d2d-956d-4473-a98a-d44c3fa3532f",
              "isHook": false,
              "skipped": false
            },
            {
              "title": "Check Date field",
              "fullTitle": "1st Test Suite Check Date field",
              "timedOut": null,
              "duration": 3284,
              "state": "passed",
              "speed": "fast",
              "pass": true,
              "fail": false,
              "pending": false,
              "context": null,
              "code": "cy.visit(\"/\");\ncy.contains('Forms').click();\ncy.contains('Datepicker').click();\ncy.contains('Common Datepicker').parent('nb-card').find('input').then(input => {\n  cy.wrap(input).click();\n  cy.get('nb-base-calendar').contains('17').click();\n  cy.wrap(input).invoke('prop', 'value').should('contain', '17');\n});",
              "err": {},
              "uuid": "59505b8c-ffe1-43f9-8e8e-da4a8e9bd676",
              "parentUUID": "39b73d2d-956d-4473-a98a-d44c3fa3532f",
              "isHook": false,
              "skipped": false
            },
            {
              "title": "Check Only 1 Radio Button is Checked",
              "fullTitle": "1st Test Suite Check Only 1 Radio Button is Checked",
              "timedOut": null,
              "duration": 3314,
              "state": "passed",
              "speed": "fast",
              "pass": true,
              "fail": false,
              "pending": false,
              "context": null,
              "code": "cy.visit(\"/\");\ncy.contains('Forms').click();\ncy.contains('Form Layout').click();\ncy.contains('nb-card', 'Using the Grid').get('[type=\"radio\"]').then(radioButtons => {\n  cy.wrap(radioButtons).eq(0).check({\n    force: true\n  });\n  cy.wrap(radioButtons).eq(1).should('not.be.checked').check({\n    force: true\n  }).should('be.checked');\n  cy.wrap(radioButtons).eq(0).should('not.be.checked');\n  cy.wrap(radioButtons).eq(2).should('be.disabled');\n});",
              "err": {},
              "uuid": "d51d8ebb-db41-4d1f-862e-cb01a99629ab",
              "parentUUID": "39b73d2d-956d-4473-a98a-d44c3fa3532f",
              "isHook": false,
              "skipped": false
            },
            {
              "title": "Test Theme Changes from drop-down selects",
              "fullTitle": "1st Test Suite Test Theme Changes from drop-down selects",
              "timedOut": null,
              "duration": 3851,
              "state": "passed",
              "speed": "fast",
              "pass": true,
              "fail": false,
              "pending": false,
              "context": null,
              "code": "cy.visit('/');\ncy.get('nav nb-select').click().then(dropdown => {\n  cy.wrap(dropdown).get('nav nb-select').then(dropdownDefaultText => {\n    cy.wrap(dropdown).get('.options-list .ng-star-inserted').each(options => {\n      const dropdownOptions = options.text().trim();\n      cy.wrap(options).click();\n      cy.wrap(dropdownDefaultText).should('contain', dropdownOptions);\n      cy.wrap(dropdown).click();\n    });\n    cy.wrap(dropdown).click();\n  });\n});",
              "err": {},
              "uuid": "ef2b2628-30cb-4dd8-97a9-9be85f6762c4",
              "parentUUID": "39b73d2d-956d-4473-a98a-d44c3fa3532f",
              "isHook": false,
              "skipped": false
            }
          ],
          "suites": [],
          "passes": [
            "53bf9748-a83b-42ea-8b87-78f6b97b06e2",
            "0e4191a0-d823-4b1f-beb5-a950eb613bb0",
            "abf3e59f-ecba-40c1-b895-bf24a2d6f710",
            "59505b8c-ffe1-43f9-8e8e-da4a8e9bd676",
            "d51d8ebb-db41-4d1f-862e-cb01a99629ab",
            "ef2b2628-30cb-4dd8-97a9-9be85f6762c4"
          ],
          "failures": [],
          "pending": [],
          "skipped": [],
          "duration": 22265,
          "root": false,
          "rootEmpty": false,
          "_timeout": 2000
        },
        {
          "uuid": "ab4aaf51-f602-44a2-87f8-11ebe4f13371",
          "title": "Test Table Functionality",
          "fullFile": "",
          "file": "",
          "beforeHooks": [],
          "afterHooks": [],
          "tests": [
            {
              "title": "Test Table edit functionality",
              "fullTitle": "Test Table Functionality Test Table edit functionality",
              "timedOut": null,
              "duration": 4573,
              "state": "passed",
              "speed": "fast",
              "pass": true,
              "fail": false,
              "pending": false,
              "context": null,
              "code": "cy.get('table').contains('tr', 'Jacob').then(tableRow => {\n  cy.wrap(tableRow).find('.nb-edit').click();\n  cy.wrap(tableRow).find('input[placeholder=\"Age\"]').clear().type('24');\n  cy.wrap(tableRow).find('.nb-checkmark').click();\n  cy.wrap(tableRow).find('td').eq(6).should('contain', '24');\n});",
              "err": {},
              "uuid": "f4b549c7-1abc-4376-9d4e-60eb4a104918",
              "parentUUID": "ab4aaf51-f602-44a2-87f8-11ebe4f13371",
              "isHook": false,
              "skipped": false
            },
            {
              "title": "Test Table Search functionality",
              "fullTitle": "Test Table Functionality Test Table Search functionality",
              "timedOut": null,
              "duration": 6749,
              "state": "passed",
              "speed": "medium",
              "pass": true,
              "fail": false,
              "pending": false,
              "context": null,
              "code": "const age = [20, 30, 40];\ncy.wrap(age).each(age => {\n  cy.get('thead').find('[placeholder=\"Age\"]').clear().type(age);\n  cy.wait(500);\n  cy.get('tbody tr').each(tableRow => {\n    cy.wrap(tableRow).find('td').eq(6).should('contain', age);\n  });\n});",
              "err": {},
              "uuid": "2d226992-c0e2-4084-be9b-a1dc428f6696",
              "parentUUID": "ab4aaf51-f602-44a2-87f8-11ebe4f13371",
              "isHook": false,
              "skipped": false
            }
          ],
          "suites": [],
          "passes": [
            "f4b549c7-1abc-4376-9d4e-60eb4a104918",
            "2d226992-c0e2-4084-be9b-a1dc428f6696"
          ],
          "failures": [],
          "pending": [],
          "skipped": [],
          "duration": 11322,
          "root": false,
          "rootEmpty": false,
          "_timeout": 2000
        },
        {
          "uuid": "73ca54f5-3cfd-4dd0-85d1-69842990e237",
          "title": "Alerts and Browser Events",
          "fullFile": "",
          "file": "",
          "beforeHooks": [],
          "afterHooks": [],
          "tests": [
            {
              "title": "Browser Deflete Confirmation",
              "fullTitle": "Alerts and Browser Events Browser Deflete Confirmation",
              "timedOut": null,
              "duration": 3541,
              "state": "passed",
              "speed": "fast",
              "pass": true,
              "fail": false,
              "pending": false,
              "context": null,
              "code": "cy.visit('/');\ncy.contains('Tables & Data').click();\ncy.contains('Smart Table').click();\nconst stub = cy.stub();\ncy.on('window:confirm', stub);\ncy.get('tbody tr').first().find('.nb-trash').click().then(() => {\n  expect(stub.getCall(0)).to.be.calledWith('Are you sure you want to delete?');\n});",
              "err": {},
              "uuid": "abbd84e7-1b77-4cf8-bc1e-dd9e2b106190",
              "parentUUID": "73ca54f5-3cfd-4dd0-85d1-69842990e237",
              "isHook": false,
              "skipped": false
            }
          ],
          "suites": [],
          "passes": [
            "abbd84e7-1b77-4cf8-bc1e-dd9e2b106190"
          ],
          "failures": [],
          "pending": [],
          "skipped": [],
          "duration": 3541,
          "root": false,
          "rootEmpty": false,
          "_timeout": 2000
        }
      ],
      "passes": [],
      "failures": [],
      "pending": [],
      "skipped": [],
      "duration": 0,
      "root": true,
      "rootEmpty": true,
      "_timeout": 2000
    }
  ],
  "meta": {
    "mocha": {
      "version": "7.0.1"
    },
    "mochawesome": {
      "options": {
        "quiet": false,
        "reportFilename": "mochawesome",
        "saveHtml": false,
        "saveJson": true,
        "consoleReporter": "spec",
        "useInlineDiffs": false,
        "code": true
      },
      "version": "7.1.3"
    },
    "marge": {
      "options": {
        "id": "default",
        "reportDir": "cypress/results/mochawesome",
        "overwrite": false,
        "html": false,
        "json": true
      },
      "version": "6.2.0"
    }
  }
}